生成启动时间为 2016/4/25 22:08:32。
     1>项目“F:\Documents\Visual Studio 2013\Projects\Myspider\Myspider\Myspider.vcxproj”在节点 2 上(Build 个目标)。
     1>ClCompile:
         G:\Visual Studio\VC\bin\CL.exe /c /ZI /nologo /W3 /WX- /sdl /Od /Oy- /D WIN32 /D _DEBUG /D _LIB /D _UNICODE /D UNICODE /Gm /EHsc /RTC1 /MDd /GS /fp:precise /Zc:wchar_t /Zc:forScope /Fo"Debug\\" /Fd"Debug\vc120.pdb" /Gd /TP /analyze- /errorReport:prompt urlmanager.cpp
         urlmanager.cpp
     1>f:\documents\visual studio 2013\projects\myspider\myspider\config.h(75): warning C4101: “pos”: 未引用的局部变量
     1>f:\documents\visual studio 2013\projects\myspider\myspider\htmlparser.h(100): warning C4715: “parserFactory”: 不是所有的控件路径都返回值
     1>f:\documents\visual studio 2013\projects\myspider\myspider\urlmanager.cpp(49): warning C4715: “UrlManager::init”: 不是所有的控件路径都返回值
       Lib:
         G:\Visual Studio\VC\bin\Lib.exe /OUT:"F:\Documents\Visual Studio 2013\Projects\Myspider\Debug\Myspider.lib" /NOLOGO Debug\downloader.obj
         Debug\spider.obj
         Debug\urlmanager.obj
     1>spider.obj : warning LNK4006: "void __cdecl destoryParser(class IContentPaser *)" (?destoryParser@@YAXPAVIContentPaser@@@Z) 已在 urlmanager.obj 中定义；已忽略第二个定义
     1>spider.obj : warning LNK4006: "class IContentPaser * __cdecl parserFactory(class std::basic_string<char,struct std::char_traits<char>,class std::allocator<char> >)" (?parserFactory@@YAPAVIContentPaser@@V?$basic_string@DU?$char_traits@D@std@@V?$allocator@D@2@@std@@@Z) 已在 urlmanager.obj 中定义；已忽略第二个定义
     1>spider.obj : warning LNK4006: "public: static class Config * Config::_self" (?_self@Config@@2PAV1@A) 已在 urlmanager.obj 中定义；已忽略第二个定义
     1>downloader.obj : warning LNK4006: "void __cdecl destoryParser(class IContentPaser *)" (?destoryParser@@YAXPAVIContentPaser@@@Z) 已在 urlmanager.obj 中定义；已忽略第二个定义
     1>downloader.obj : warning LNK4006: "class IContentPaser * __cdecl parserFactory(class std::basic_string<char,struct std::char_traits<char>,class std::allocator<char> >)" (?parserFactory@@YAPAVIContentPaser@@V?$basic_string@DU?$char_traits@D@std@@V?$allocator@D@2@@std@@@Z) 已在 urlmanager.obj 中定义；已忽略第二个定义
     1>downloader.obj : warning LNK4006: "public: static class Config * Config::_self" (?_self@Config@@2PAV1@A) 已在 urlmanager.obj 中定义；已忽略第二个定义
         Myspider.vcxproj -> F:\Documents\Visual Studio 2013\Projects\Myspider\Debug\Myspider.lib
     1>已完成生成项目“F:\Documents\Visual Studio 2013\Projects\Myspider\Myspider\Myspider.vcxproj”(Build 个目标)的操作。

生成成功。

已用时间 00:00:01.62
